<?xml version="1.0" encoding="UTF-8"?>
<testng-results ignored="0" total="1" passed="1" failed="0" skipped="0">
  <reporter-output>
  </reporter-output>
  <suite started-at="2025-01-04T01:00:30 IST" name="Default suite" finished-at="2025-01-04T01:00:31 IST" duration-ms="1693">
    <groups>
    </groups>
    <test started-at="2025-01-04T01:00:30 IST" name="Default test" finished-at="2025-01-04T01:00:31 IST" duration-ms="1693">
      <class name="test.PostApi">
        <test-method signature="login()[pri:0, instance:test.PostApi@7ec7ffd3]" started-at="2025-01-04T01:00:30 IST" name="login" finished-at="2025-01-04T01:00:31 IST" duration-ms="1648" status="PASS">
          <reporter-output>
          </reporter-output>
        </test-method> <!-- login -->
      </class> <!-- test.PostApi -->
    </test> <!-- Default test -->
  </suite> <!-- Default suite -->
</testng-results>
